{"total": {"lines":{"total":392,"covered":366,"skipped":0,"pct":93.36},"statements":{"total":402,"covered":376,"skipped":0,"pct":93.53},"functions":{"total":35,"covered":34,"skipped":0,"pct":97.14},"branches":{"total":317,"covered":233,"skipped":0,"pct":73.5},"branchesTrue":{"total":0,"covered":0,"skipped":0,"pct":100}}
,"/Users/renan/Projetos/github/th-exemplo-totvs-soc/src/index.ts": {"lines":{"total":8,"covered":8,"skipped":0,"pct":100},"functions":{"total":1,"covered":1,"skipped":0,"pct":100},"statements":{"total":8,"covered":8,"skipped":0,"pct":100},"branches":{"total":1,"covered":1,"skipped":0,"pct":100}}
,"/Users/renan/Projetos/github/th-exemplo-totvs-soc/src/assets/metadata.ts": {"lines":{"total":1,"covered":1,"skipped":0,"pct":100},"functions":{"total":0,"covered":0,"skipped":0,"pct":100},"statements":{"total":1,"covered":1,"skipped":0,"pct":100},"branches":{"total":0,"covered":0,"skipped":0,"pct":100}}
,"/Users/renan/Projetos/github/th-exemplo-totvs-soc/src/classes/integration.ts": {"lines":{"total":281,"covered":255,"skipped":0,"pct":90.74},"functions":{"total":18,"covered":17,"skipped":0,"pct":94.44},"statements":{"total":288,"covered":262,"skipped":0,"pct":90.97},"branches":{"total":275,"covered":191,"skipped":0,"pct":69.45}}
,"/Users/renan/Projetos/github/th-exemplo-totvs-soc/src/classes/socConversion.ts": {"lines":{"total":56,"covered":56,"skipped":0,"pct":100},"functions":{"total":7,"covered":7,"skipped":0,"pct":100},"statements":{"total":56,"covered":56,"skipped":0,"pct":100},"branches":{"total":35,"covered":35,"skipped":0,"pct":100}}
,"/Users/renan/Projetos/github/th-exemplo-totvs-soc/src/classes/totvsApi.ts": {"lines":{"total":42,"covered":42,"skipped":0,"pct":100},"functions":{"total":7,"covered":7,"skipped":0,"pct":100},"statements":{"total":44,"covered":44,"skipped":0,"pct":100},"branches":{"total":6,"covered":6,"skipped":0,"pct":100}}
,"/Users/renan/Projetos/github/th-exemplo-totvs-soc/src/soap/wsdataserver/client.ts": {"lines":{"total":3,"covered":3,"skipped":0,"pct":100},"functions":{"total":1,"covered":1,"skipped":0,"pct":100},"statements":{"total":3,"covered":3,"skipped":0,"pct":100},"branches":{"total":0,"covered":0,"skipped":0,"pct":100}}
,"/Users/renan/Projetos/github/th-exemplo-totvs-soc/src/soap/wsdataserver/index.ts": {"lines":{"total":1,"covered":1,"skipped":0,"pct":100},"functions":{"total":1,"covered":1,"skipped":0,"pct":100},"statements":{"total":2,"covered":2,"skipped":0,"pct":100},"branches":{"total":0,"covered":0,"skipped":0,"pct":100}}
}
