TN:
SF:src/index.ts
FN:14,(anonymous_0)
FNF:1
FNH:1
FNDA:2,(anonymous_0)
DA:1,2
DA:3,2
DA:14,2
DA:15,2
DA:16,2
DA:18,2
DA:19,1
DA:21,1
LF:8
LH:8
BRDA:18,0,0,1
BRF:1
BRH:1
end_of_record
TN:
SF:src/assets/metadata.ts
FNF:0
FNH:0
DA:1,3
LF:1
LH:1
BRF:0
BRH:0
end_of_record
TN:
SF:src/classes/integration.ts
FN:41,(anonymous_0)
FN:203,(anonymous_1)
FN:51,(anonymous_2)
FN:63,(anonymous_3)
FN:81,(anonymous_4)
FN:87,(anonymous_5)
FN:90,(anonymous_6)
FN:91,(anonymous_7)
FN:140,(anonymous_8)
FN:141,(anonymous_9)
FN:175,(anonymous_10)
FN:184,(anonymous_11)
FN:188,(anonymous_12)
FN:199,(anonymous_13)
FN:200,(anonymous_14)
FN:207,(anonymous_15)
FN:396,(anonymous_16)
FN:405,(anonymous_17)
FNF:18
FNH:17
FNDA:3,(anonymous_0)
FNDA:1,(anonymous_1)
FNDA:2,(anonymous_2)
FNDA:1,(anonymous_3)
FNDA:1,(anonymous_4)
FNDA:1,(anonymous_5)
FNDA:1,(anonymous_6)
FNDA:1,(anonymous_7)
FNDA:1,(anonymous_8)
FNDA:2,(anonymous_9)
FNDA:0,(anonymous_10)
FNDA:1,(anonymous_11)
FNDA:1,(anonymous_12)
FNDA:22,(anonymous_13)
FNDA:12,(anonymous_14)
FNDA:1,(anonymous_15)
FNDA:3,(anonymous_16)
FNDA:4,(anonymous_17)
DA:3,3
DA:4,3
DA:6,3
DA:7,3
DA:13,3
DA:20,3
DA:21,3
DA:22,3
DA:23,3
DA:25,3
DA:27,3
DA:42,3
DA:44,3
DA:45,3
DA:46,3
DA:48,3
DA:49,3
DA:51,2
DA:52,2
DA:53,1
DA:56,1
DA:64,1
DA:69,1
DA:71,1
DA:72,1
DA:73,1
DA:75,1
DA:81,1
DA:82,1
DA:83,1
DA:87,1
DA:88,1
DA:90,1
DA:91,1
DA:93,1
DA:94,1
DA:95,1
DA:96,1
DA:97,1
DA:98,1
DA:99,1
DA:100,1
DA:101,1
DA:102,1
DA:103,1
DA:104,1
DA:105,1
DA:106,1
DA:107,1
DA:108,1
DA:109,1
DA:110,1
DA:111,1
DA:112,1
DA:113,1
DA:114,1
DA:115,1
DA:116,1
DA:117,1
DA:118,1
DA:119,1
DA:120,1
DA:121,1
DA:122,1
DA:123,1
DA:124,1
DA:125,1
DA:126,1
DA:127,1
DA:128,1
DA:129,1
DA:130,1
DA:131,1
DA:133,1
DA:137,1
DA:141,2
DA:142,1
DA:143,0
DA:146,1
DA:148,1
DA:149,1
DA:150,1
DA:151,0
DA:154,1
DA:155,1
DA:162,1
DA:163,1
DA:164,1
DA:165,0
DA:168,1
DA:176,0
DA:185,1
DA:189,1
DA:190,0
DA:194,1
DA:196,1
DA:200,22
DA:203,3
DA:204,1
DA:208,1
DA:210,1
DA:211,1
DA:213,1
DA:215,1
DA:217,0
DA:219,1
DA:221,1
DA:222,1
DA:224,0
DA:226,1
DA:229,1
DA:230,1
DA:231,1
DA:232,1
DA:233,1
DA:234,1
DA:235,1
DA:236,1
DA:237,1
DA:238,1
DA:239,1
DA:240,1
DA:241,1
DA:242,0
DA:243,0
DA:245,1
DA:246,1
DA:247,1
DA:249,1
DA:250,1
DA:251,1
DA:252,1
DA:253,1
DA:254,1
DA:256,1
DA:257,1
DA:258,1
DA:259,1
DA:260,1
DA:261,1
DA:262,1
DA:263,1
DA:264,1
DA:265,1
DA:267,1
DA:268,1
DA:269,1
DA:270,1
DA:271,1
DA:272,1
DA:273,1
DA:274,1
DA:275,1
DA:276,1
DA:277,1
DA:278,1
DA:279,1
DA:280,1
DA:281,1
DA:282,1
DA:283,1
DA:284,1
DA:285,1
DA:286,1
DA:287,1
DA:288,1
DA:289,1
DA:290,1
DA:291,1
DA:292,1
DA:293,1
DA:294,1
DA:295,1
DA:296,1
DA:297,1
DA:298,1
DA:299,1
DA:300,1
DA:301,1
DA:302,1
DA:303,1
DA:304,1
DA:305,1
DA:306,1
DA:307,1
DA:308,1
DA:309,1
DA:310,1
DA:311,1
DA:312,1
DA:313,1
DA:314,1
DA:316,1
DA:318,1
DA:319,1
DA:320,1
DA:321,1
DA:322,1
DA:323,1
DA:324,1
DA:325,1
DA:326,1
DA:327,1
DA:328,1
DA:329,1
DA:330,1
DA:331,1
DA:332,1
DA:333,1
DA:334,1
DA:335,1
DA:336,1
DA:337,1
DA:338,1
DA:339,1
DA:340,1
DA:341,1
DA:342,1
DA:343,1
DA:345,1
DA:347,1
DA:348,1
DA:349,1
DA:351,1
DA:353,1
DA:354,1
DA:355,1
DA:356,1
DA:357,1
DA:358,1
DA:361,1
DA:363,1
DA:364,0
DA:367,1
DA:368,0
DA:370,0
DA:371,0
DA:372,0
DA:375,1
DA:376,1
DA:377,0
DA:378,0
DA:380,1
DA:381,1
DA:384,1
DA:385,0
DA:386,0
DA:388,0
DA:389,0
DA:390,0
DA:393,1
DA:397,3
DA:405,4
DA:406,3
DA:407,1
DA:410,2
DA:411,2
DA:412,0
DA:414,2
DA:417,2
DA:418,2
DA:419,0
DA:421,2
DA:422,2
DA:423,2
DA:427,2
DA:428,2
DA:429,0
DA:431,2
DA:434,2
DA:435,2
DA:436,0
DA:438,2
DA:439,2
DA:440,2
DA:444,2
DA:445,2
DA:446,0
DA:448,2
DA:449,2
DA:450,2
LF:281
LH:255
BRDA:44,0,0,3
BRDA:44,0,1,0
BRDA:44,1,0,3
BRDA:44,1,1,3
BRDA:45,2,0,0
BRDA:45,2,1,3
BRDA:45,3,0,3
BRDA:45,3,1,3
BRDA:48,4,0,0
BRDA:48,4,1,3
BRDA:48,5,0,3
BRDA:48,5,1,3
BRDA:52,6,0,1
BRDA:52,7,0,2
BRDA:52,7,1,1
BRDA:52,7,2,1
BRDA:64,8,0,0
BRDA:64,8,1,1
BRDA:64,9,0,1
BRDA:64,9,1,1
BRDA:64,10,0,1
BRDA:64,10,1,0
BRDA:64,11,0,1
BRDA:64,11,1,1
BRDA:94,12,0,0
BRDA:94,12,1,1
BRDA:94,13,0,1
BRDA:94,13,1,1
BRDA:94,14,0,0
BRDA:94,14,1,1
BRDA:94,15,0,1
BRDA:94,15,1,1
BRDA:95,16,0,0
BRDA:95,16,1,1
BRDA:95,17,0,1
BRDA:95,17,1,1
BRDA:95,18,0,0
BRDA:95,18,1,1
BRDA:95,19,0,1
BRDA:95,19,1,1
BRDA:96,20,0,0
BRDA:96,20,1,1
BRDA:96,21,0,1
BRDA:96,21,1,1
BRDA:96,22,0,0
BRDA:96,22,1,1
BRDA:96,23,0,1
BRDA:96,23,1,1
BRDA:97,24,0,0
BRDA:97,24,1,1
BRDA:97,25,0,1
BRDA:97,25,1,1
BRDA:97,26,0,0
BRDA:97,26,1,1
BRDA:97,27,0,1
BRDA:97,27,1,1
BRDA:98,28,0,0
BRDA:98,28,1,1
BRDA:98,29,0,1
BRDA:98,29,1,1
BRDA:98,30,0,0
BRDA:98,30,1,1
BRDA:98,31,0,1
BRDA:98,31,1,1
BRDA:99,32,0,0
BRDA:99,32,1,1
BRDA:99,33,0,1
BRDA:99,33,1,1
BRDA:99,34,0,0
BRDA:99,34,1,1
BRDA:99,35,0,1
BRDA:99,35,1,1
BRDA:103,36,0,1
BRDA:103,36,1,0
BRDA:105,37,0,1
BRDA:105,37,1,0
BRDA:108,38,0,0
BRDA:108,38,1,1
BRDA:108,39,0,1
BRDA:108,39,1,1
BRDA:108,40,0,0
BRDA:108,40,1,1
BRDA:108,41,0,1
BRDA:108,41,1,1
BRDA:108,42,0,0
BRDA:108,42,1,1
BRDA:108,43,0,1
BRDA:108,43,1,1
BRDA:111,44,0,0
BRDA:111,44,1,1
BRDA:111,45,0,1
BRDA:111,45,1,1
BRDA:111,46,0,0
BRDA:111,46,1,1
BRDA:111,47,0,1
BRDA:111,47,1,1
BRDA:111,48,0,0
BRDA:111,48,1,1
BRDA:111,49,0,1
BRDA:111,49,1,1
BRDA:111,50,0,0
BRDA:111,50,1,1
BRDA:111,51,0,1
BRDA:111,51,1,1
BRDA:112,52,0,0
BRDA:112,52,1,1
BRDA:112,53,0,1
BRDA:112,53,1,1
BRDA:112,54,0,0
BRDA:112,54,1,1
BRDA:112,55,0,1
BRDA:112,55,1,1
BRDA:112,56,0,0
BRDA:112,56,1,1
BRDA:112,57,0,1
BRDA:112,57,1,1
BRDA:112,58,0,0
BRDA:112,58,1,1
BRDA:112,59,0,1
BRDA:112,59,1,1
BRDA:113,60,0,0
BRDA:113,60,1,1
BRDA:113,61,0,1
BRDA:113,61,1,1
BRDA:113,62,0,0
BRDA:113,62,1,1
BRDA:113,63,0,1
BRDA:113,63,1,1
BRDA:116,64,0,0
BRDA:116,64,1,1
BRDA:116,65,0,1
BRDA:116,65,1,1
BRDA:116,66,0,0
BRDA:116,66,1,1
BRDA:116,67,0,1
BRDA:116,67,1,1
BRDA:119,68,0,0
BRDA:119,68,1,1
BRDA:119,69,0,1
BRDA:119,69,1,1
BRDA:119,70,0,0
BRDA:119,70,1,1
BRDA:119,71,0,1
BRDA:119,71,1,1
BRDA:119,72,0,0
BRDA:119,72,1,1
BRDA:119,73,0,1
BRDA:119,73,1,1
BRDA:119,74,0,0
BRDA:119,74,1,1
BRDA:119,75,0,1
BRDA:119,75,1,1
BRDA:122,76,0,1
BRDA:122,76,1,0
BRDA:122,77,0,1
BRDA:122,77,1,1
BRDA:122,78,0,0
BRDA:122,78,1,1
BRDA:122,79,0,1
BRDA:122,79,1,1
BRDA:129,80,0,0
BRDA:129,80,1,1
BRDA:129,81,0,1
BRDA:129,81,1,1
BRDA:129,82,0,0
BRDA:129,82,1,1
BRDA:129,83,0,1
BRDA:129,83,1,1
BRDA:131,84,0,0
BRDA:131,84,1,1
BRDA:131,85,0,1
BRDA:131,85,1,1
BRDA:131,86,0,0
BRDA:131,86,1,1
BRDA:131,87,0,1
BRDA:131,87,1,1
BRDA:142,88,0,0
BRDA:150,89,0,0
BRDA:150,90,0,1
BRDA:150,90,1,0
BRDA:163,91,0,1
BRDA:164,92,0,0
BRDA:189,93,0,0
BRDA:200,94,0,16
BRDA:200,94,1,6
BRDA:200,95,0,22
BRDA:200,95,1,22
BRDA:200,96,0,0
BRDA:200,96,1,22
BRDA:200,97,0,22
BRDA:200,97,1,22
BRDA:215,98,0,0
BRDA:215,98,1,1
BRDA:222,99,0,0
BRDA:222,99,1,1
BRDA:241,100,0,0
BRDA:241,101,0,1
BRDA:241,101,1,1
BRDA:269,102,0,1
BRDA:269,102,1,0
BRDA:273,103,0,0
BRDA:273,103,1,1
BRDA:273,104,0,1
BRDA:273,104,1,1
BRDA:288,105,0,0
BRDA:288,105,1,1
BRDA:301,106,0,0
BRDA:301,106,1,1
BRDA:301,107,0,1
BRDA:301,107,1,1
BRDA:318,108,0,0
BRDA:318,108,1,1
BRDA:318,109,0,1
BRDA:318,109,1,1
BRDA:318,110,0,1
BRDA:318,110,1,0
BRDA:318,111,0,1
BRDA:318,111,1,1
BRDA:343,112,0,0
BRDA:343,112,1,1
BRDA:347,113,0,0
BRDA:347,113,1,1
BRDA:347,114,0,1
BRDA:347,114,1,1
BRDA:347,115,0,1
BRDA:347,115,1,0
BRDA:347,116,0,1
BRDA:347,116,1,1
BRDA:353,117,0,0
BRDA:353,117,1,1
BRDA:353,118,0,1
BRDA:353,118,1,1
BRDA:353,119,0,1
BRDA:353,119,1,0
BRDA:353,120,0,1
BRDA:353,120,1,1
BRDA:356,121,0,1
BRDA:363,122,0,0
BRDA:367,123,0,0
BRDA:367,124,0,1
BRDA:367,124,1,1
BRDA:370,125,0,0
BRDA:370,125,1,0
BRDA:370,126,0,0
BRDA:370,126,1,0
BRDA:370,127,0,0
BRDA:370,127,1,0
BRDA:370,128,0,0
BRDA:370,128,1,0
BRDA:376,129,0,0
BRDA:376,129,1,1
BRDA:376,130,0,1
BRDA:376,130,1,0
BRDA:384,131,0,0
BRDA:406,132,0,1
BRDA:406,133,0,3
BRDA:406,133,1,2
BRDA:406,133,2,2
BRDA:411,134,0,0
BRDA:411,134,1,2
BRDA:418,135,0,0
BRDA:418,135,1,2
BRDA:422,136,0,2
BRDA:428,137,0,0
BRDA:428,137,1,2
BRDA:435,138,0,0
BRDA:435,138,1,2
BRDA:439,139,0,2
BRDA:445,140,0,0
BRDA:445,140,1,2
BRDA:446,141,0,0
BRDA:446,141,1,0
BRDA:449,142,0,2
BRDA:450,143,0,2
BRDA:450,143,1,2
BRF:275
BRH:191
end_of_record
TN:
SF:src/classes/socConversion.ts
FN:7,(anonymous_0)
FN:20,(anonymous_1)
FN:33,(anonymous_2)
FN:40,(anonymous_3)
FN:47,(anonymous_4)
FN:66,(anonymous_5)
FN:85,(anonymous_6)
FNF:7
FNH:7
FNDA:6,(anonymous_0)
FNDA:5,(anonymous_1)
FNDA:10,(anonymous_2)
FNDA:10,(anonymous_3)
FNDA:8,(anonymous_4)
FNDA:8,(anonymous_5)
FNDA:4,(anonymous_6)
DA:2,4
DA:5,4
DA:8,6
DA:10,2
DA:12,1
DA:14,2
DA:16,1
DA:21,5
DA:23,1
DA:25,2
DA:27,1
DA:29,1
DA:34,10
DA:35,4
DA:37,6
DA:41,10
DA:42,7
DA:44,3
DA:48,8
DA:50,2
DA:52,1
DA:54,1
DA:56,1
DA:58,1
DA:60,1
DA:62,1
DA:67,8
DA:69,1
DA:71,1
DA:73,1
DA:75,1
DA:77,1
DA:79,1
DA:81,2
DA:86,4
DA:87,4
DA:88,3
DA:90,1
DA:91,1
DA:95,4
DA:96,2
DA:99,4
DA:100,2
DA:103,4
DA:104,2
DA:107,4
DA:108,2
DA:111,4
DA:112,2
DA:115,4
DA:116,2
DA:119,4
DA:120,2
DA:123,4
DA:124,2
DA:127,4
LF:56
LH:56
BRDA:8,0,0,2
BRDA:8,0,1,1
BRDA:8,0,2,2
BRDA:8,0,3,1
BRDA:21,1,0,1
BRDA:21,1,1,2
BRDA:21,1,2,1
BRDA:21,1,3,1
BRDA:34,2,0,4
BRDA:41,3,0,7
BRDA:48,4,0,2
BRDA:48,4,1,1
BRDA:48,4,2,1
BRDA:48,4,3,1
BRDA:48,4,4,1
BRDA:48,4,5,1
BRDA:48,4,6,1
BRDA:67,5,0,1
BRDA:67,5,1,1
BRDA:67,5,2,1
BRDA:67,5,3,1
BRDA:67,5,4,1
BRDA:67,5,5,1
BRDA:67,5,6,2
BRDA:87,6,0,3
BRDA:87,6,1,1
BRDA:90,7,0,1
BRDA:95,8,0,2
BRDA:99,9,0,2
BRDA:103,10,0,2
BRDA:107,11,0,2
BRDA:111,12,0,2
BRDA:115,13,0,2
BRDA:119,14,0,2
BRDA:123,15,0,2
BRF:35
BRH:35
end_of_record
TN:
SF:src/classes/totvsApi.ts
FN:21,(anonymous_0)
FN:30,(anonymous_1)
FN:46,(anonymous_2)
FN:71,(anonymous_3)
FN:82,(anonymous_4)
FN:95,(anonymous_5)
FN:114,(anonymous_6)
FNF:7
FNH:7
FNDA:6,(anonymous_0)
FNDA:1,(anonymous_1)
FNDA:2,(anonymous_2)
FNDA:1,(anonymous_3)
FNDA:2,(anonymous_4)
FNDA:1,(anonymous_5)
FNDA:1,(anonymous_6)
DA:1,3
DA:2,3
DA:3,3
DA:12,3
DA:20,3
DA:21,6
DA:31,1
DA:32,1
DA:34,1
DA:40,1
DA:47,2
DA:48,2
DA:50,2
DA:56,2
DA:59,2
DA:60,1
DA:62,1
DA:63,1
DA:65,1
DA:72,1
DA:73,1
DA:75,1
DA:80,1
DA:81,1
DA:82,1
DA:83,2
DA:85,1
DA:87,1
DA:96,1
DA:97,1
DA:99,1
DA:104,1
DA:105,1
DA:106,1
DA:108,1
DA:115,1
DA:116,1
DA:118,1
DA:123,1
DA:124,1
DA:125,1
DA:127,1
LF:42
LH:42
BRDA:59,0,0,1
BRDA:62,1,0,1
BRDA:83,2,0,1
BRDA:83,2,1,1
BRDA:105,3,0,1
BRDA:124,4,0,1
BRF:6
BRH:6
end_of_record
TN:
SF:src/soap/wsdataserver/client.ts
FN:64,createClientAsync
FNF:1
FNH:1
FNDA:1,createClientAsync
DA:1,4
DA:64,4
DA:65,1
LF:3
LH:3
BRF:0
BRH:0
end_of_record
TN:
SF:src/soap/wsdataserver/index.ts
FN:36,(anonymous_0)
FNF:1
FNH:1
FNDA:2,(anonymous_0)
DA:36,6
LF:1
LH:1
BRF:0
BRH:0
end_of_record
